08-10-2016 08:17:11.896;JavaFX Application Thread;INFO ;Main.start;Starting up.
08-10-2016 08:17:21.549;JavaFX Application Thread;INFO ;SessionController.showLegend;Legend clicked
08-10-2016 08:17:32.828;JavaFX Application Thread;INFO ;SessionController.lambda$showLegend$13;Closed legend
08-10-2016 08:17:34.077;JavaFX Application Thread;INFO ;SessionController.showLegend;Legend clicked
08-10-2016 08:17:47.211;JavaFX Application Thread;INFO ;SessionController.lambda$showLegend$13;Closed legend
08-10-2016 08:17:48.485;JavaFX Application Thread;INFO ;SessionController.showLegend;Legend clicked
08-10-2016 08:18:09.652;JavaFX Application Thread;INFO ;SessionController.lambda$showLegend$13;Closed legend
08-10-2016 08:19:52.454;JavaFX Application Thread;INFO ;Main.start;Starting up.
08-10-2016 08:19:58.476;JavaFX Application Thread;INFO ;SessionController.showLegend;Legend clicked
08-10-2016 08:20:10.753;JavaFX Application Thread;INFO ;SessionController.lambda$showLegend$13;Closed legend
08-10-2016 08:21:07.323;JavaFX Application Thread;INFO ;Main.start;Starting up.
08-10-2016 08:21:12.795;JavaFX Application Thread;INFO ;SessionController.showLegend;Legend clicked
08-10-2016 08:21:19.045;JavaFX Application Thread;INFO ;SessionController.lambda$showLegend$13;Closed legend
08-10-2016 08:21:53.884;JavaFX Application Thread;INFO ;Main.start;Starting up.
08-10-2016 08:21:58.874;JavaFX Application Thread;INFO ;SessionController.showLegend;Legend clicked
08-10-2016 08:22:05.379;JavaFX Application Thread;INFO ;SessionController.lambda$showLegend$13;Closed legend
08-10-2016 08:23:01.472;JavaFX Application Thread;INFO ;Main.start;Starting up.
08-10-2016 08:23:06.873;JavaFX Application Thread;INFO ;SessionController.showLegend;Legend clicked
08-10-2016 08:23:14.238;JavaFX Application Thread;INFO ;SessionController.lambda$showLegend$13;Closed legend
08-10-2016 08:27:33.414;JavaFX Application Thread;INFO ;Main.start;Starting up.
08-10-2016 08:27:39.222;JavaFX Application Thread;INFO ;SessionController.showLegend;Legend clicked
08-10-2016 08:27:42.085;JavaFX Application Thread;INFO ;SessionController.lambda$showLegend$13;Closed legend
08-10-2016 08:29:39.258;JavaFX Application Thread;INFO ;Main.start;Starting up.
08-10-2016 08:29:50.004;JavaFX Application Thread;INFO ;SessionController.showLegend;Legend clicked
08-10-2016 08:30:04.642;JavaFX Application Thread;INFO ;SessionController.lambda$showLegend$13;Closed legend
08-10-2016 08:30:15.724;JavaFX Application Thread;INFO ;SessionController.showLegend;Legend clicked
08-10-2016 08:30:40.049;JavaFX Application Thread;INFO ;SessionController.lambda$showLegend$13;Closed legend
08-10-2016 08:31:35.885;JavaFX Application Thread;INFO ;Main.start;Starting up.
08-10-2016 08:31:41.227;JavaFX Application Thread;INFO ;SessionController.showLegend;Legend clicked
08-10-2016 08:31:45.638;JavaFX Application Thread;INFO ;SessionController.lambda$showLegend$13;Closed legend
08-10-2016 08:31:54.141;JavaFX Application Thread;INFO ;Main.start;Starting up.
08-10-2016 08:31:58.843;JavaFX Application Thread;INFO ;SessionController.showLegend;Legend clicked
08-10-2016 08:32:00.871;JavaFX Application Thread;INFO ;SessionController.lambda$showLegend$13;Closed legend
08-10-2016 08:32:33.057;JavaFX Application Thread;INFO ;Main.start;Starting up.
08-10-2016 08:32:38.114;JavaFX Application Thread;INFO ;SessionController.showLegend;Legend clicked
08-10-2016 08:32:39.764;JavaFX Application Thread;INFO ;SessionController.lambda$showLegend$13;Closed legend
08-10-2016 08:33:13.118;JavaFX Application Thread;INFO ;Main.start;Starting up.
08-10-2016 08:33:17.482;JavaFX Application Thread;INFO ;SessionController.showLegend;Legend clicked
08-10-2016 08:33:19.275;JavaFX Application Thread;INFO ;SessionController.lambda$showLegend$13;Closed legend
08-10-2016 08:33:28.409;JavaFX Application Thread;INFO ;Main.start;Starting up.
08-10-2016 08:33:33.033;JavaFX Application Thread;INFO ;SessionController.showLegend;Legend clicked
08-10-2016 08:33:38.730;JavaFX Application Thread;INFO ;SessionController.lambda$showLegend$13;Closed legend
08-10-2016 08:37:05.679;JavaFX Application Thread;INFO ;Main.start;Starting up.
08-10-2016 08:37:11.279;JavaFX Application Thread;INFO ;SessionController.showLegend;Legend clicked
08-10-2016 08:37:30.954;JavaFX Application Thread;INFO ;SessionController.lambda$showLegend$13;Closed legend
08-10-2016 08:37:47.083;JavaFX Application Thread;INFO ;Main.start;Starting up.
08-10-2016 08:37:51.814;JavaFX Application Thread;INFO ;SessionController.showLegend;Legend clicked
08-10-2016 08:37:53.261;JavaFX Application Thread;INFO ;SessionController.lambda$showLegend$13;Closed legend
08-10-2016 08:38:11.558;JavaFX Application Thread;INFO ;Main.start;Starting up.
08-10-2016 08:38:16.310;JavaFX Application Thread;INFO ;SessionController.showLegend;Legend clicked
08-10-2016 08:38:28.851;JavaFX Application Thread;INFO ;SessionController.lambda$showLegend$13;Closed legend
08-10-2016 08:38:39.358;JavaFX Application Thread;INFO ;Main.start;Starting up.
08-10-2016 08:38:44.158;JavaFX Application Thread;INFO ;SessionController.showLegend;Legend clicked
08-10-2016 08:38:49.607;JavaFX Application Thread;INFO ;SessionController.lambda$showLegend$13;Closed legend
08-10-2016 08:39:12.081;JavaFX Application Thread;INFO ;Main.start;Starting up.
08-10-2016 08:39:17.277;JavaFX Application Thread;INFO ;SessionController.showLegend;Legend clicked
08-10-2016 08:39:21.876;JavaFX Application Thread;INFO ;SessionController.lambda$showLegend$13;Closed legend
08-10-2016 08:41:08.030;JavaFX Application Thread;INFO ;Main.start;Starting up.
08-10-2016 08:41:13.156;JavaFX Application Thread;INFO ;SessionController.showLegend;Legend clicked
08-10-2016 08:41:31.720;JavaFX Application Thread;INFO ;SessionController.lambda$showLegend$13;Closed legend
08-10-2016 08:44:00.252;JavaFX Application Thread;INFO ;Main.start;Starting up.
08-10-2016 08:44:04.850;JavaFX Application Thread;INFO ;SessionController.showLegend;Legend clicked
08-10-2016 08:44:15.400;JavaFX Application Thread;INFO ;SessionController.lambda$showLegend$13;Closed legend
08-10-2016 08:44:36.832;JavaFX Application Thread;INFO ;Main.start;Starting up.
08-10-2016 08:44:41.385;JavaFX Application Thread;INFO ;SessionController.showLegend;Legend clicked
08-10-2016 08:44:46.034;JavaFX Application Thread;INFO ;SessionController.lambda$showLegend$13;Closed legend
08-10-2016 08:46:40.698;JavaFX Application Thread;INFO ;Main.start;Starting up.
08-10-2016 08:46:45.784;JavaFX Application Thread;INFO ;SessionController.showLegend;Legend clicked
08-10-2016 08:48:32.502;JavaFX Application Thread;INFO ;SessionController.lambda$showLegend$13;Closed legend
08-10-2016 08:52:02.692;JavaFX Application Thread;INFO ;Main.start;Starting up.
08-10-2016 08:52:07.892;JavaFX Application Thread;INFO ;SessionController.showLegend;Legend clicked
08-10-2016 08:52:18.135;JavaFX Application Thread;INFO ;SessionController.lambda$showLegend$13;Closed legend
08-10-2016 08:52:41.989;JavaFX Application Thread;INFO ;Main.start;Starting up.
08-10-2016 08:52:46.779;JavaFX Application Thread;INFO ;SessionController.showLegend;Legend clicked
08-10-2016 08:52:48.986;JavaFX Application Thread;INFO ;SessionController.lambda$showLegend$13;Closed legend
08-10-2016 08:55:02.129;JavaFX Application Thread;INFO ;Main.start;Starting up.
08-10-2016 08:55:07.090;JavaFX Application Thread;INFO ;SessionController.showLegend;Legend clicked
08-10-2016 08:55:11.410;JavaFX Application Thread;INFO ;SessionController.lambda$showLegend$13;Closed legend
08-10-2016 08:57:13.836;JavaFX Application Thread;INFO ;Main.start;Starting up.
08-10-2016 08:57:19.064;JavaFX Application Thread;INFO ;SessionController.showLegend;Legend clicked
08-10-2016 08:57:24.591;JavaFX Application Thread;INFO ;SessionController.lambda$showLegend$13;Closed legend
08-10-2016 09:01:19.558;JavaFX Application Thread;INFO ;Main.start;Starting up.
08-10-2016 09:01:24.590;JavaFX Application Thread;INFO ;SessionController.showLegend;Legend clicked
08-10-2016 09:01:35.218;JavaFX Application Thread;INFO ;SessionController.lambda$showLegend$13;Closed legend
08-10-2016 09:02:02.725;JavaFX Application Thread;INFO ;Main.start;Starting up.
08-10-2016 09:02:07.180;JavaFX Application Thread;INFO ;SessionController.showLegend;Legend clicked
08-10-2016 09:02:12.676;JavaFX Application Thread;INFO ;SessionController.lambda$showLegend$13;Closed legend
08-10-2016 09:03:34.185;JavaFX Application Thread;INFO ;Main.start;Starting up.
08-10-2016 09:03:38.788;JavaFX Application Thread;INFO ;SessionController.handlePushButton;Push button clicked
08-10-2016 09:03:38.792;Git push;INFO ;RepoHelper.pushCurrentBranch;attempting to push current branch
08-10-2016 09:03:39.011;JavaFX Application Thread;WARN ;SessionController.lambda$showNotAuthorizedNotification$25;Invalid authorization warning
08-10-2016 09:03:46.091;JavaFX Application Thread;INFO ;SessionController.handlePushButton;Push button clicked
08-10-2016 09:03:46.094;Git push;INFO ;RepoHelper.pushCurrentBranch;attempting to push current branch
08-10-2016 09:03:46.223;JavaFX Application Thread;WARN ;SessionController.lambda$showNotAuthorizedNotification$25;Invalid authorization warning
08-10-2016 09:04:06.067;JavaFX Application Thread;INFO ;SessionController.handleRevertButton;Revert button clicked
08-10-2016 09:04:06.071;Git revert;INFO ;RepoHelper.revert;Attempting revert
08-10-2016 09:04:06.114;JavaFX Application Thread;WARN ;SessionController.lambda$showCantRevertMultipleParentsNotification$40;Tried to revert commit with multiple parents.
08-10-2016 09:06:50.346;JavaFX Application Thread;INFO ;Main.start;Starting up.
08-10-2016 09:06:59.761;JavaFX Application Thread;INFO ;SessionController.handleRevertButton;Revert button clicked
08-10-2016 09:06:59.765;Git revert;INFO ;RepoHelper.revert;Attempting revert
08-10-2016 09:06:59.821;JavaFX Application Thread;WARN ;SessionController.lambda$showCantRevertMultipleParentsNotification$40;Tried to revert commit with multiple parents.
08-10-2016 09:08:44.076;JavaFX Application Thread;INFO ;Main.start;Starting up.
08-10-2016 09:08:52.927;JavaFX Application Thread;INFO ;CommitTreeModel.lambda$getContextMenu$3;Checkout files from commit button clicked
08-10-2016 09:08:52.929;JavaFX Application Thread;INFO ;SessionController.handleCheckoutFilesButton;Checkout files from commit button clicked
08-10-2016 09:08:52.933;JavaFX Application Thread;INFO ;SessionController.handleCheckoutFilesButton;Opened checkout files window
08-10-2016 09:08:52.963;JavaFX Application Thread;INFO ;CheckoutFilesController.initialize;Started up checkout files from commit window
08-10-2016 09:43:42.121;JavaFX Application Thread;INFO ;Main.start;Starting up.
08-10-2016 09:43:54.813;JavaFX Application Thread;INFO ;SessionController.showBranchCheckout;Branch checkout clicked
08-10-2016 09:43:54.814;JavaFX Application Thread;INFO ;SessionController.showBranchCheckout;Opened branch checkout window
08-10-2016 09:43:54.843;JavaFX Application Thread;INFO ;BranchCheckoutController.initialize;Started up branch manager
08-10-2016 09:44:08.442;JavaFX Application Thread;WARN ;BranchCheckoutController.lambda$showJGitInternalError$1;Lock failed warning.
08-10-2016 09:44:31.644;JavaFX Application Thread;INFO ;SessionController.showLegend;Legend clicked
08-10-2016 09:44:44.532;JavaFX Application Thread;INFO ;SessionController.lambda$showLegend$13;Closed legend
08-10-2016 09:51:57.451;JavaFX Application Thread;INFO ;Main.start;Starting up.
08-10-2016 09:52:07.967;JavaFX Application Thread;WARN ;SessionController.lambda$showJGitInternalError$17;Lock failed warning.
08-10-2016 09:52:49.222;JavaFX Application Thread;INFO ;CommitTreeModel.lambda$getTagLabelMenu$0;Delete tag dialog started.
08-10-2016 09:53:10.693;JavaFX Application Thread;INFO ;Main.start;Starting up.
08-10-2016 09:53:20.358;JavaFX Application Thread;INFO ;CommitTreeModel.lambda$getTagLabelMenu$0;Delete tag dialog started.
08-10-2016 09:53:23.956;JavaFX Application Thread;INFO ;CommitTreeModel.lambda$getTagLabelMenu$0;Delete tag dialog started.
